<?xml version="1.0" encoding="UTF-8"?>
<testng-results ignored="0" total="1" passed="1" failed="0" skipped="0">
  <reporter-output>
  </reporter-output>
  <suite started-at="2022-09-23T18:44:24 IST" name="Default suite" finished-at="2022-09-23T18:44:24 IST" duration-ms="46">
    <groups>
    </groups>
    <test started-at="2022-09-23T18:44:24 IST" name="Default test" finished-at="2022-09-23T18:44:24 IST" duration-ms="46">
      <class name="Tom.Jerry">
        <test-method signature="contact()[pri:0, instance:Tom.Jerry@140c9f39]" started-at="2022-09-23T18:44:24 IST" name="contact" finished-at="2022-09-23T18:44:24 IST" duration-ms="8" status="PASS">
          <reporter-output>
          </reporter-output>
        </test-method> <!-- contact -->
      </class> <!-- Tom.Jerry -->
    </test> <!-- Default test -->
  </suite> <!-- Default suite -->
</testng-results>
